make --dry-run --always-make --keep-going --print-directory
make: Entering directory `/Users/kcetin/Desktop/radix_push_swap'
gcc -Wall -Wextra -Werror   -c -o src/main.o src/main.c
gcc -Wall -Wextra -Werror   -c -o src/instructions.o src/instructions.c
gcc -Wall -Wextra -Werror   -c -o src/radix.o src/radix.c
gcc -Wall -Wextra -Werror   -c -o src/simple.o src/simple.c
gcc -Wall -Wextra -Werror   -c -o src/simple1.o src/simple1.c
gcc -Wall -Wextra -Werror   -c -o utils/t_list.o utils/t_list.c
gcc -Wall -Wextra -Werror   -c -o utils/utils.o utils/utils.c
gcc -Wall -Wextra -Werror   -c -o utils/check_args.o utils/check_args.c
gcc -Wall -Wextra -Werror   -c -o utils/index.o utils/index.c
gcc -Wall -Wextra -Werror   -c -o utils/error.o utils/error.c
gcc -Wall -Wextra -Werror   -c -o src/instructionsone.o src/instructionsone.c
gcc -Wall -Wextra -Werror   -c -o src/instructionstwo.o src/instructionstwo.c
/Applications/Xcode.app/Contents/Developer/usr/bin/make -C ./libft
 
make[1]: Entering directory `/Users/kcetin/Desktop/radix_push_swap/libft'
gcc -Wall -Wextra -Werror -I.   -c -o ft_isalnum.o ft_isalnum.c
gcc -Wall -Wextra -Werror -I.   -c -o ft_isprint.o ft_isprint.c
gcc -Wall -Wextra -Werror -I.   -c -o ft_memcmp.o ft_memcmp.c
gcc -Wall -Wextra -Werror -I.   -c -o ft_putchar_fd.o ft_putchar_fd.c
gcc -Wall -Wextra -Werror -I.   -c -o ft_split.o ft_split.c
gcc -Wall -Wextra -Werror -I.   -c -o ft_strlcat.o ft_strlcat.c
gcc -Wall -Wextra -Werror -I.   -c -o ft_strncmp.o ft_strncmp.c
gcc -Wall -Wextra -Werror -I.   -c -o ft_substr.o ft_substr.c
gcc -Wall -Wextra -Werror -I.   -c -o ft_atoi.o ft_atoi.c
gcc -Wall -Wextra -Werror -I.   -c -o ft_isalpha.o ft_isalpha.c
gcc -Wall -Wextra -Werror -I.   -c -o ft_itoa.o ft_itoa.c
gcc -Wall -Wextra -Werror -I.   -c -o ft_memcpy.o ft_memcpy.c
gcc -Wall -Wextra -Werror -I.   -c -o ft_putendl_fd.o ft_putendl_fd.c
gcc -Wall -Wextra -Werror -I.   -c -o ft_strchr.o ft_strchr.c
gcc -Wall -Wextra -Werror -I.   -c -o ft_strlcpy.o ft_strlcpy.c
gcc -Wall -Wextra -Werror -I.   -c -o ft_strnstr.o ft_strnstr.c
 
gcc -Wall -Wextra -Werror -I.   -c -o ft_tolower.o ft_tolower.c
gcc -Wall -Wextra -Werror -I.   -c -o ft_bzero.o ft_bzero.c
gcc -Wall -Wextra -Werror -I.   -c -o ft_isascii.o ft_isascii.c
gcc -Wall -Wextra -Werror -I.   -c -o ft_memmove.o ft_memmove.c
gcc -Wall -Wextra -Werror -I.   -c -o ft_putnbr_fd.o ft_putnbr_fd.c
gcc -Wall -Wextra -Werror -I.   -c -o ft_strdup.o ft_strdup.c
gcc -Wall -Wextra -Werror -I.   -c -o ft_strlen.o ft_strlen.c
gcc -Wall -Wextra -Werror -I.   -c -o ft_strrchr.o ft_strrchr.c
gcc -Wall -Wextra -Werror -I.   -c -o ft_toupper.o ft_toupper.c
gcc -Wall -Wextra -Werror -I.   -c -o ft_calloc.o ft_calloc.c
gcc -Wall -Wextra -Werror -I.   -c -o ft_isdigit.o ft_isdigit.c
gcc -Wall -Wextra -Werror -I.   -c -o ft_memchr.o ft_memchr.c
gcc -Wall -Wextra -Werror -I.   -c -o ft_memset.o ft_memset.c
gcc -Wall -Wextra -Werror -I.   -c -o ft_putstr_fd.o ft_putstr_fd.c
gcc -Wall -Wextra -Werror -I.   -c -o ft_strjoin.o ft_strjoin.c
gcc -Wall -Wextra -Werror -I.   -c -o ft_strmapi.o ft_strmapi.c
gcc -Wall -Wextra -Werror -I.   -c -o ft_strtrim.o ft_strtrim.c
gcc -Wall -Wextra -Werror -I.   -c -o ft_striteri.o ft_striteri.c
ar rcs libft.a ft_isalnum.o ft_isprint.o ft_memcmp.o ft_putchar_fd.o ft_split.o ft_strlcat.o ft_strncmp.o ft_substr.o ft_atoi.o ft_isalpha.o ft_itoa.o ft_memcpy.o ft_putendl_fd.o ft_strchr.o ft_strlcpy.o ft_strnstr.o ft_tolower.o ft_bzero.o ft_isascii.o ft_memmove.o ft_putnbr_fd.o ft_strdup.o ft_strlen.o ft_strrchr.o ft_toupper.o ft_calloc.o ft_isdigit.o ft_memchr.o ft_memset.o ft_putstr_fd.o ft_strjoin.o ft_strmapi.o ft_strtrim.o ft_striteri.o
make[1]: Leaving directory `/Users/kcetin/Desktop/radix_push_swap/libft'
gcc -Wall -Wextra -Werror src/main.o src/instructions.o src/radix.o src/simple.o src/simple1.o utils/t_list.o utils/utils.o utils/check_args.o utils/index.o utils/error.o src/instructionsone.o src/instructionstwo.o ./libft/libft.a -o push_swap
make: Leaving directory `/Users/kcetin/Desktop/radix_push_swap'
 
